# JRE version: OpenJDK Runtime Environment Temurin-21.0.5+11 (21.0.5+11) (build 21.0.5+11-LTS)
# Java VM: OpenJDK 64-Bit Server VM Temurin-21.0.5+11 (21.0.5+11-LTS, mixed mode, emulated-client, sharing, tiered, compressed oops, compressed class ptrs, g1 gc, windows-amd64)
GC Precious Log:
 CardTable entry size: 512
 Card Set container configuration: InlinePtr #cards 5 size 8 Array Of Cards #cards 12 size 40 Howl #buckets 4 coarsen threshold 1843 Howl Bitmap #cards 512 size 80 coarsen threshold 460 Card regions per heap region 1 cards per card region 2048
 CPUs: 16 total, 16 available
 Memory: 81875M
 Large Page Support: Disabled
 NUMA Support: Disabled
 Compressed Oops: Enabled (32-bit)
 Heap Region Size: 1M
 Heap Min Capacity: 8M
 Heap Initial Capacity: 1G
 Heap Max Capacity: 1G
 Pre-touch: Disabled
 Parallel Workers: 13
 Concurrent Workers: 3
 Concurrent Refinement Workers: 13
 Periodic GC: Disabled
Heap:
 garbage-first heap   total 81920K, used 35143K [0x00000000c0000000, 0x0000000100000000)
  region size 1024K, 4 young (4096K), 0 survivors (0K)
 Metaspace       used 36125K, committed 36800K, reserved 1114112K
  class space    used 4699K, committed 4992K, reserved 1048576K
GC Heap History (13 events):
Event: 3.634 GC heap before
{Heap before GC invocations=0 (full 0):
 garbage-first heap   total 1048576K, used 57344K [0x00000000c0000000, 0x0000000100000000)
  region size 1024K, 51 young (52224K), 0 survivors (0K)
 Metaspace       used 10362K, committed 10624K, reserved 1114112K
  class space    used 1424K, committed 1536K, reserved 1048576K
}
Event: 3.657 GC heap after
{Heap after GC invocations=1 (full 0):
 garbage-first heap   total 1048576K, used 20704K [0x00000000c0000000, 0x0000000100000000)
  region size 1024K, 7 young (7168K), 7 survivors (7168K)
 Metaspace       used 10362K, committed 10624K, reserved 1114112K
  class space    used 1424K, committed 1536K, reserved 1048576K
}
Event: 5.363 GC heap before
{Heap before GC invocations=1 (full 0):
 garbage-first heap   total 1048576K, used 44256K [0x00000000c0000000, 0x0000000100000000)
  region size 1024K, 31 young (31744K), 7 survivors (7168K)
 Metaspace       used 15306K, committed 15616K, reserved 1114112K
  class space    used 1994K, committed 2112K, reserved 1048576K
}
Event: 5.447 GC heap after
{Heap after GC invocations=2 (full 0):
 garbage-first heap   total 1048576K, used 23581K [0x00000000c0000000, 0x0000000100000000)
  region size 1024K, 3 young (3072K), 3 survivors (3072K)
 Metaspace       used 15306K, committed 15616K, reserved 1114112K
  class space    used 1994K, committed 2112K, reserved 1048576K
}
Event: 7.511 GC heap before
{Heap before GC invocations=3 (full 0):
 garbage-first heap   total 81920K, used 68637K [0x00000000c0000000, 0x0000000100000000)
  region size 1024K, 48 young (49152K), 3 survivors (3072K)
 Metaspace       used 22714K, committed 23104K, reserved 1114112K
  class space    used 2925K, committed 3136K, reserved 1048576K
}
Event: 7.556 GC heap after
{Heap after GC invocations=4 (full 0):
 garbage-first heap   total 81920K, used 27401K [0x00000000c0000000, 0x0000000100000000)
  region size 1024K, 6 young (6144K), 6 survivors (6144K)
 Metaspace       used 22714K, committed 23104K, reserved 1114112K
  class space    used 2925K, committed 3136K, reserved 1048576K
}
Event: 8.368 GC heap before
{Heap before GC invocations=4 (full 0):
 garbage-first heap   total 81920K, used 39689K [0x00000000c0000000, 0x0000000100000000)
  region size 1024K, 19 young (19456K), 6 survivors (6144K)
 Metaspace       used 25625K, committed 26048K, reserved 1114112K
  class space    used 3339K, committed 3520K, reserved 1048576K
}
Event: 8.390 GC heap after
{Heap after GC invocations=5 (full 0):
 garbage-first heap   total 81920K, used 28512K [0x00000000c0000000, 0x0000000100000000)
  region size 1024K, 2 young (2048K), 2 survivors (2048K)
 Metaspace       used 25625K, committed 26048K, reserved 1114112K
  class space    used 3339K, committed 3520K, reserved 1048576K
}
Event: 10.209 GC heap before
{Heap before GC invocations=6 (full 0):
 garbage-first heap   total 81920K, used 69472K [0x00000000c0000000, 0x0000000100000000)
  region size 1024K, 39 young (39936K), 2 survivors (2048K)
 Metaspace       used 32368K, committed 32960K, reserved 1114112K
  class space    used 4066K, committed 4288K, reserved 1048576K
}
Event: 10.219 GC heap after
{Heap after GC invocations=7 (full 0):
 garbage-first heap   total 81920K, used 32559K [0x00000000c0000000, 0x0000000100000000)
  region size 1024K, 5 young (5120K), 5 survivors (5120K)
 Metaspace       used 32368K, committed 32960K, reserved 1114112K
  class space    used 4066K, committed 4288K, reserved 1048576K
}
Event: 51.706 GC heap before
{Heap before GC invocations=7 (full 0):
 garbage-first heap   total 81920K, used 56111K [0x00000000c0000000, 0x0000000100000000)
  region size 1024K, 29 young (29696K), 5 survivors (5120K)
 Metaspace       used 36061K, committed 36672K, reserved 1114112K
  class space    used 4675K, committed 4928K, reserved 1048576K
}
Event: 51.784 GC heap after
{Heap after GC invocations=8 (full 1):
 garbage-first heap   total 81920K, used 32071K [0x00000000c0000000, 0x0000000100000000)
  region size 1024K, 0 young (0K), 0 survivors (0K)
 Metaspace       used 36060K, committed 36672K, reserved 1114112K
  class space    used 4674K, committed 4928K, reserved 1048576K
}
Event: 162.616 GC heap before
{Heap before GC invocations=8 (full 1):
 garbage-first heap   total 81920K, used 35143K [0x00000000c0000000, 0x0000000100000000)
  region size 1024K, 4 young (4096K), 0 survivors (0K)
 Metaspace       used 36125K, committed 36800K, reserved 1114112K
  class space    used 4699K, committed 4992K, reserved 1048576K
}

