# JRE version: OpenJDK Runtime Environment Temurin-21.0.5+11 (21.0.5+11) (build 21.0.5+11-LTS)
# Java VM: OpenJDK 64-Bit Server VM Temurin-21.0.5+11 (21.0.5+11-LTS, mixed mode, emulated-client, sharing, tiered, compressed oops, compressed class ptrs, g1 gc, windows-amd64)
GC Precious Log:
 CardTable entry size: 512
 Card Set container configuration: InlinePtr #cards 5 size 8 Array Of Cards #cards 12 size 40 Howl #buckets 4 coarsen threshold 1843 Howl Bitmap #cards 512 size 80 coarsen threshold 460 Card regions per heap region 1 cards per card region 2048
 CPUs: 16 total, 16 available
 Memory: 81875M
 Large Page Support: Disabled
 NUMA Support: Disabled
 Compressed Oops: Enabled (32-bit)
 Heap Region Size: 1M
 Heap Min Capacity: 8M
 Heap Initial Capacity: 1G
 Heap Max Capacity: 1G
 Pre-touch: Disabled
 Parallel Workers: 13
 Concurrent Workers: 3
 Concurrent Refinement Workers: 13
 Periodic GC: Disabled
Heap:
 garbage-first heap   total 76800K, used 30954K [0x00000000c0000000, 0x0000000100000000)
  region size 1024K, 1 young (1024K), 0 survivors (0K)
 Metaspace       used 36012K, committed 36608K, reserved 1114112K
  class space    used 4677K, committed 4928K, reserved 1048576K
GC Heap History (18 events):
Event: 5.172 GC heap before
{Heap before GC invocations=0 (full 0):
 garbage-first heap   total 1048576K, used 57344K [0x00000000c0000000, 0x0000000100000000)
  region size 1024K, 51 young (52224K), 0 survivors (0K)
 Metaspace       used 10151K, committed 10368K, reserved 1114112K
  class space    used 1388K, committed 1472K, reserved 1048576K
}
Event: 5.251 GC heap after
{Heap after GC invocations=1 (full 0):
 garbage-first heap   total 1048576K, used 20480K [0x00000000c0000000, 0x0000000100000000)
  region size 1024K, 7 young (7168K), 7 survivors (7168K)
 Metaspace       used 10151K, committed 10368K, reserved 1114112K
  class space    used 1388K, committed 1472K, reserved 1048576K
}
Event: 5.762 GC heap before
{Heap before GC invocations=1 (full 0):
 garbage-first heap   total 1048576K, used 23552K [0x00000000c0000000, 0x0000000100000000)
  region size 1024K, 11 young (11264K), 7 survivors (7168K)
 Metaspace       used 10448K, committed 10688K, reserved 1114112K
  class space    used 1442K, committed 1536K, reserved 1048576K
}
Event: 5.776 GC heap after
{Heap after GC invocations=2 (full 0):
 garbage-first heap   total 1048576K, used 21592K [0x00000000c0000000, 0x0000000100000000)
  region size 1024K, 1 young (1024K), 1 survivors (1024K)
 Metaspace       used 10448K, committed 10688K, reserved 1114112K
  class space    used 1442K, committed 1536K, reserved 1048576K
}
Event: 7.681 GC heap before
{Heap before GC invocations=3 (full 0):
 garbage-first heap   total 75776K, used 64600K [0x00000000c0000000, 0x0000000100000000)
  region size 1024K, 44 young (45056K), 1 survivors (1024K)
 Metaspace       used 19780K, committed 20096K, reserved 1114112K
  class space    used 2539K, committed 2688K, reserved 1048576K
}
Event: 7.687 GC heap after
{Heap after GC invocations=4 (full 0):
 garbage-first heap   total 75776K, used 24720K [0x00000000c0000000, 0x0000000100000000)
  region size 1024K, 4 young (4096K), 4 survivors (4096K)
 Metaspace       used 19780K, committed 20096K, reserved 1114112K
  class space    used 2539K, committed 2688K, reserved 1048576K
}
Event: 8.564 GC heap before
{Heap before GC invocations=4 (full 0):
 garbage-first heap   total 75776K, used 37008K [0x00000000c0000000, 0x0000000100000000)
  region size 1024K, 17 young (17408K), 4 survivors (4096K)
 Metaspace       used 21231K, committed 21504K, reserved 1114112K
  class space    used 2712K, committed 2816K, reserved 1048576K
}
Event: 8.705 GC heap after
{Heap after GC invocations=5 (full 0):
 garbage-first heap   total 75776K, used 25733K [0x00000000c0000000, 0x0000000100000000)
  region size 1024K, 2 young (2048K), 2 survivors (2048K)
 Metaspace       used 21231K, committed 21504K, reserved 1114112K
  class space    used 2712K, committed 2816K, reserved 1048576K
}
Event: 9.043 GC heap before
{Heap before GC invocations=5 (full 0):
 garbage-first heap   total 75776K, used 28805K [0x00000000c0000000, 0x0000000100000000)
  region size 1024K, 6 young (6144K), 2 survivors (2048K)
 Metaspace       used 21540K, committed 21824K, reserved 1114112K
  class space    used 2761K, committed 2880K, reserved 1048576K
}
Event: 9.125 GC heap after
{Heap after GC invocations=6 (full 0):
 garbage-first heap   total 75776K, used 25963K [0x00000000c0000000, 0x0000000100000000)
  region size 1024K, 2 young (2048K), 2 survivors (2048K)
 Metaspace       used 21540K, committed 21824K, reserved 1114112K
  class space    used 2761K, committed 2880K, reserved 1048576K
}
Event: 12.374 GC heap before
{Heap before GC invocations=7 (full 0):
 garbage-first heap   total 75776K, used 61803K [0x00000000c0000000, 0x0000000100000000)
  region size 1024K, 37 young (37888K), 2 survivors (2048K)
 Metaspace       used 27909K, committed 28352K, reserved 1114112K
  class space    used 3559K, committed 3776K, reserved 1048576K
}
Event: 12.394 GC heap after
{Heap after GC invocations=8 (full 0):
 garbage-first heap   total 75776K, used 29535K [0x00000000c0000000, 0x0000000100000000)
  region size 1024K, 5 young (5120K), 5 survivors (5120K)
 Metaspace       used 27909K, committed 28352K, reserved 1114112K
  class space    used 3559K, committed 3776K, reserved 1048576K
}
Event: 16.640 GC heap before
{Heap before GC invocations=8 (full 0):
 garbage-first heap   total 75776K, used 66399K [0x00000000c0000000, 0x0000000100000000)
  region size 1024K, 39 young (39936K), 5 survivors (5120K)
 Metaspace       used 35017K, committed 35648K, reserved 1114112K
  class space    used 4510K, committed 4800K, reserved 1048576K
}
Event: 16.682 GC heap after
{Heap after GC invocations=9 (full 0):
 garbage-first heap   total 76800K, used 33291K [0x00000000c0000000, 0x0000000100000000)
  region size 1024K, 4 young (4096K), 4 survivors (4096K)
 Metaspace       used 35017K, committed 35648K, reserved 1114112K
  class space    used 4510K, committed 4800K, reserved 1048576K
}
Event: 48.766 GC heap before
{Heap before GC invocations=9 (full 0):
 garbage-first heap   total 76800K, used 42507K [0x00000000c0000000, 0x0000000100000000)
  region size 1024K, 14 young (14336K), 4 survivors (4096K)
 Metaspace       used 35887K, committed 36480K, reserved 1114112K
  class space    used 4650K, committed 4928K, reserved 1048576K
}
Event: 48.773 GC heap after
{Heap after GC invocations=10 (full 0):
 garbage-first heap   total 76800K, used 34768K [0x00000000c0000000, 0x0000000100000000)
  region size 1024K, 2 young (2048K), 2 survivors (2048K)
 Metaspace       used 35887K, committed 36480K, reserved 1114112K
  class space    used 4650K, committed 4928K, reserved 1048576K
}
Event: 145.929 GC heap before
{Heap before GC invocations=11 (full 0):
 garbage-first heap   total 76800K, used 35792K [0x00000000c0000000, 0x0000000100000000)
  region size 1024K, 4 young (4096K), 2 survivors (2048K)
 Metaspace       used 35971K, committed 36608K, reserved 1114112K
  class space    used 4663K, committed 4928K, reserved 1048576K
}
Event: 145.970 GC heap after
{Heap after GC invocations=12 (full 1):
 garbage-first heap   total 76800K, used 30954K [0x00000000c0000000, 0x0000000100000000)
  region size 1024K, 0 young (0K), 0 survivors (0K)
 Metaspace       used 35971K, committed 36608K, reserved 1114112K
  class space    used 4663K, committed 4928K, reserved 1048576K
}

