# JRE version: OpenJDK Runtime Environment Temurin-21.0.5+11 (21.0.5+11) (build 21.0.5+11-LTS)
# Java VM: OpenJDK 64-Bit Server VM Temurin-21.0.5+11 (21.0.5+11-LTS, mixed mode, emulated-client, sharing, tiered, compressed oops, compressed class ptrs, g1 gc, windows-amd64)
GC Precious Log:
 CardTable entry size: 512
 Card Set container configuration: InlinePtr #cards 5 size 8 Array Of Cards #cards 12 size 40 Howl #buckets 4 coarsen threshold 1843 Howl Bitmap #cards 512 size 80 coarsen threshold 460 Card regions per heap region 1 cards per card region 2048
 CPUs: 16 total, 16 available
 Memory: 81875M
 Large Page Support: Disabled
 NUMA Support: Disabled
 Compressed Oops: Enabled (32-bit)
 Heap Region Size: 1M
 Heap Min Capacity: 8M
 Heap Initial Capacity: 1G
 Heap Max Capacity: 1G
 Pre-touch: Disabled
 Parallel Workers: 13
 Concurrent Workers: 3
 Concurrent Refinement Workers: 13
 Periodic GC: Disabled
Heap:
 garbage-first heap   total 119808K, used 34598K [0x00000000c0000000, 0x0000000100000000)
  region size 1024K, 1 young (1024K), 0 survivors (0K)
 Metaspace       used 46702K, committed 47552K, reserved 1114112K
  class space    used 5703K, committed 6080K, reserved 1048576K
GC Heap History (20 events):
Event: 75758.303 GC heap after
{Heap after GC invocations=7417 (full 7402):
 garbage-first heap   total 119808K, used 34598K [0x00000000c0000000, 0x0000000100000000)
  region size 1024K, 0 young (0K), 0 survivors (0K)
 Metaspace       used 46702K, committed 47552K, reserved 1114112K
  class space    used 5703K, committed 6080K, reserved 1048576K
}
Event: 75768.443 GC heap before
{Heap before GC invocations=7417 (full 7402):
 garbage-first heap   total 119808K, used 34598K [0x00000000c0000000, 0x0000000100000000)
  region size 1024K, 1 young (1024K), 0 survivors (0K)
 Metaspace       used 46702K, committed 47552K, reserved 1114112K
  class space    used 5703K, committed 6080K, reserved 1048576K
}
Event: 75768.510 GC heap after
{Heap after GC invocations=7418 (full 7403):
 garbage-first heap   total 119808K, used 34598K [0x00000000c0000000, 0x0000000100000000)
  region size 1024K, 0 young (0K), 0 survivors (0K)
 Metaspace       used 46702K, committed 47552K, reserved 1114112K
  class space    used 5703K, committed 6080K, reserved 1048576K
}
Event: 75778.635 GC heap before
{Heap before GC invocations=7418 (full 7403):
 garbage-first heap   total 119808K, used 34598K [0x00000000c0000000, 0x0000000100000000)
  region size 1024K, 1 young (1024K), 0 survivors (0K)
 Metaspace       used 46702K, committed 47552K, reserved 1114112K
  class space    used 5703K, committed 6080K, reserved 1048576K
}
Event: 75778.698 GC heap after
{Heap after GC invocations=7419 (full 7404):
 garbage-first heap   total 119808K, used 34598K [0x00000000c0000000, 0x0000000100000000)
  region size 1024K, 0 young (0K), 0 survivors (0K)
 Metaspace       used 46702K, committed 47552K, reserved 1114112K
  class space    used 5703K, committed 6080K, reserved 1048576K
}
Event: 75789.019 GC heap before
{Heap before GC invocations=7419 (full 7404):
 garbage-first heap   total 119808K, used 34598K [0x00000000c0000000, 0x0000000100000000)
  region size 1024K, 1 young (1024K), 0 survivors (0K)
 Metaspace       used 46702K, committed 47552K, reserved 1114112K
  class space    used 5703K, committed 6080K, reserved 1048576K
}
Event: 75789.123 GC heap after
{Heap after GC invocations=7420 (full 7405):
 garbage-first heap   total 119808K, used 34598K [0x00000000c0000000, 0x0000000100000000)
  region size 1024K, 0 young (0K), 0 survivors (0K)
 Metaspace       used 46702K, committed 47552K, reserved 1114112K
  class space    used 5703K, committed 6080K, reserved 1048576K
}
Event: 75799.291 GC heap before
{Heap before GC invocations=7420 (full 7405):
 garbage-first heap   total 119808K, used 34598K [0x00000000c0000000, 0x0000000100000000)
  region size 1024K, 1 young (1024K), 0 survivors (0K)
 Metaspace       used 46702K, committed 47552K, reserved 1114112K
  class space    used 5703K, committed 6080K, reserved 1048576K
}
Event: 75799.380 GC heap after
{Heap after GC invocations=7421 (full 7406):
 garbage-first heap   total 119808K, used 34598K [0x00000000c0000000, 0x0000000100000000)
  region size 1024K, 0 young (0K), 0 survivors (0K)
 Metaspace       used 46702K, committed 47552K, reserved 1114112K
  class space    used 5703K, committed 6080K, reserved 1048576K
}
Event: 75809.500 GC heap before
{Heap before GC invocations=7421 (full 7406):
 garbage-first heap   total 119808K, used 34598K [0x00000000c0000000, 0x0000000100000000)
  region size 1024K, 1 young (1024K), 0 survivors (0K)
 Metaspace       used 46702K, committed 47552K, reserved 1114112K
  class space    used 5703K, committed 6080K, reserved 1048576K
}
Event: 75809.559 GC heap after
{Heap after GC invocations=7422 (full 7407):
 garbage-first heap   total 119808K, used 34598K [0x00000000c0000000, 0x0000000100000000)
  region size 1024K, 0 young (0K), 0 survivors (0K)
 Metaspace       used 46702K, committed 47552K, reserved 1114112K
  class space    used 5703K, committed 6080K, reserved 1048576K
}
Event: 75819.761 GC heap before
{Heap before GC invocations=7422 (full 7407):
 garbage-first heap   total 119808K, used 34598K [0x00000000c0000000, 0x0000000100000000)
  region size 1024K, 1 young (1024K), 0 survivors (0K)
 Metaspace       used 46702K, committed 47552K, reserved 1114112K
  class space    used 5703K, committed 6080K, reserved 1048576K
}
Event: 75819.822 GC heap after
{Heap after GC invocations=7423 (full 7408):
 garbage-first heap   total 119808K, used 34598K [0x00000000c0000000, 0x0000000100000000)
  region size 1024K, 0 young (0K), 0 survivors (0K)
 Metaspace       used 46702K, committed 47552K, reserved 1114112K
  class space    used 5703K, committed 6080K, reserved 1048576K
}
Event: 75829.985 GC heap before
{Heap before GC invocations=7423 (full 7408):
 garbage-first heap   total 119808K, used 34598K [0x00000000c0000000, 0x0000000100000000)
  region size 1024K, 1 young (1024K), 0 survivors (0K)
 Metaspace       used 46702K, committed 47552K, reserved 1114112K
  class space    used 5703K, committed 6080K, reserved 1048576K
}
Event: 75830.045 GC heap after
{Heap after GC invocations=7424 (full 7409):
 garbage-first heap   total 119808K, used 34598K [0x00000000c0000000, 0x0000000100000000)
  region size 1024K, 0 young (0K), 0 survivors (0K)
 Metaspace       used 46702K, committed 47552K, reserved 1114112K
  class space    used 5703K, committed 6080K, reserved 1048576K
}
Event: 75840.173 GC heap before
{Heap before GC invocations=7424 (full 7409):
 garbage-first heap   total 119808K, used 34598K [0x00000000c0000000, 0x0000000100000000)
  region size 1024K, 1 young (1024K), 0 survivors (0K)
 Metaspace       used 46702K, committed 47552K, reserved 1114112K
  class space    used 5703K, committed 6080K, reserved 1048576K
}
Event: 75840.258 GC heap after
{Heap after GC invocations=7425 (full 7410):
 garbage-first heap   total 119808K, used 34598K [0x00000000c0000000, 0x0000000100000000)
  region size 1024K, 0 young (0K), 0 survivors (0K)
 Metaspace       used 46702K, committed 47552K, reserved 1114112K
  class space    used 5703K, committed 6080K, reserved 1048576K
}
Event: 75850.382 GC heap before
{Heap before GC invocations=7425 (full 7410):
 garbage-first heap   total 119808K, used 34598K [0x00000000c0000000, 0x0000000100000000)
  region size 1024K, 1 young (1024K), 0 survivors (0K)
 Metaspace       used 46702K, committed 47552K, reserved 1114112K
  class space    used 5703K, committed 6080K, reserved 1048576K
}
Event: 75850.440 GC heap after
{Heap after GC invocations=7426 (full 7411):
 garbage-first heap   total 119808K, used 34598K [0x00000000c0000000, 0x0000000100000000)
  region size 1024K, 0 young (0K), 0 survivors (0K)
 Metaspace       used 46702K, committed 47552K, reserved 1114112K
  class space    used 5703K, committed 6080K, reserved 1048576K
}
Event: 75860.556 GC heap before
{Heap before GC invocations=7426 (full 7411):
 garbage-first heap   total 119808K, used 34598K [0x00000000c0000000, 0x0000000100000000)
  region size 1024K, 1 young (1024K), 0 survivors (0K)
 Metaspace       used 46702K, committed 47552K, reserved 1114112K
  class space    used 5703K, committed 6080K, reserved 1048576K
}

