# JRE version: OpenJDK Runtime Environment Temurin-21.0.5+11 (21.0.5+11) (build 21.0.5+11-LTS)
# Java VM: OpenJDK 64-Bit Server VM Temurin-21.0.5+11 (21.0.5+11-LTS, mixed mode, emulated-client, sharing, tiered, compressed oops, compressed class ptrs, g1 gc, windows-amd64)
GC Precious Log:
 CardTable entry size: 512
 Card Set container configuration: InlinePtr #cards 5 size 8 Array Of Cards #cards 12 size 40 Howl #buckets 4 coarsen threshold 1843 Howl Bitmap #cards 512 size 80 coarsen threshold 460 Card regions per heap region 1 cards per card region 2048
 CPUs: 16 total, 16 available
 Memory: 81875M
 Large Page Support: Disabled
 NUMA Support: Disabled
 Compressed Oops: Enabled (32-bit)
 Heap Region Size: 1M
 Heap Min Capacity: 8M
 Heap Initial Capacity: 1G
 Heap Max Capacity: 1G
 Pre-touch: Disabled
 Parallel Workers: 13
 Concurrent Workers: 3
 Concurrent Refinement Workers: 13
 Periodic GC: Disabled
Heap:
 garbage-first heap   total 78848K, used 34936K [0x00000000c0000000, 0x0000000100000000)
  region size 1024K, 5 young (5120K), 5 survivors (5120K)
 Metaspace       used 36152K, committed 36736K, reserved 1114112K
  class space    used 4674K, committed 4928K, reserved 1048576K
GC Heap History (13 events):
Event: 6.854 GC heap before
{Heap before GC invocations=0 (full 0):
 garbage-first heap   total 1048576K, used 57344K [0x00000000c0000000, 0x0000000100000000)
  region size 1024K, 51 young (52224K), 0 survivors (0K)
 Metaspace       used 10101K, committed 10368K, reserved 1114112K
  class space    used 1382K, committed 1472K, reserved 1048576K
}
Event: 6.873 GC heap after
{Heap after GC invocations=1 (full 0):
 garbage-first heap   total 1048576K, used 20592K [0x00000000c0000000, 0x0000000100000000)
  region size 1024K, 7 young (7168K), 7 survivors (7168K)
 Metaspace       used 10101K, committed 10368K, reserved 1114112K
  class space    used 1382K, committed 1472K, reserved 1048576K
}
Event: 7.473 GC heap before
{Heap before GC invocations=1 (full 0):
 garbage-first heap   total 1048576K, used 36976K [0x00000000c0000000, 0x0000000100000000)
  region size 1024K, 25 young (25600K), 7 survivors (7168K)
 Metaspace       used 13680K, committed 13952K, reserved 1114112K
  class space    used 1809K, committed 1920K, reserved 1048576K
}
Event: 7.484 GC heap after
{Heap after GC invocations=2 (full 0):
 garbage-first heap   total 1048576K, used 22218K [0x00000000c0000000, 0x0000000100000000)
  region size 1024K, 2 young (2048K), 2 survivors (2048K)
 Metaspace       used 13680K, committed 13952K, reserved 1114112K
  class space    used 1809K, committed 1920K, reserved 1048576K
}
Event: 8.792 GC heap before
{Heap before GC invocations=3 (full 0):
 garbage-first heap   total 78848K, used 67274K [0x00000000c0000000, 0x0000000100000000)
  region size 1024K, 46 young (47104K), 2 survivors (2048K)
 Metaspace       used 21397K, committed 21760K, reserved 1114112K
  class space    used 2742K, committed 2880K, reserved 1048576K
}
Event: 8.822 GC heap after
{Heap after GC invocations=4 (full 0):
 garbage-first heap   total 78848K, used 26353K [0x00000000c0000000, 0x0000000100000000)
  region size 1024K, 6 young (6144K), 6 survivors (6144K)
 Metaspace       used 21397K, committed 21760K, reserved 1114112K
  class space    used 2742K, committed 2880K, reserved 1048576K
}
Event: 11.295 GC heap before
{Heap before GC invocations=4 (full 0):
 garbage-first heap   total 78848K, used 35569K [0x00000000c0000000, 0x0000000100000000)
  region size 1024K, 16 young (16384K), 6 survivors (6144K)
 Metaspace       used 22899K, committed 23296K, reserved 1114112K
  class space    used 2953K, committed 3136K, reserved 1048576K
}
Event: 11.312 GC heap after
{Heap after GC invocations=5 (full 0):
 garbage-first heap   total 78848K, used 26878K [0x00000000c0000000, 0x0000000100000000)
  region size 1024K, 2 young (2048K), 2 survivors (2048K)
 Metaspace       used 22899K, committed 23296K, reserved 1114112K
  class space    used 2953K, committed 3136K, reserved 1048576K
}
Event: 11.511 GC heap before
{Heap before GC invocations=5 (full 0):
 garbage-first heap   total 78848K, used 27902K [0x00000000c0000000, 0x0000000100000000)
  region size 1024K, 4 young (4096K), 2 survivors (2048K)
 Metaspace       used 23207K, committed 23616K, reserved 1114112K
  class space    used 2979K, committed 3200K, reserved 1048576K
}
Event: 11.532 GC heap after
{Heap after GC invocations=6 (full 0):
 garbage-first heap   total 78848K, used 26584K [0x00000000c0000000, 0x0000000100000000)
  region size 1024K, 1 young (1024K), 1 survivors (1024K)
 Metaspace       used 23207K, committed 23616K, reserved 1114112K
  class space    used 2979K, committed 3200K, reserved 1048576K
}
Event: 14.447 GC heap before
{Heap before GC invocations=7 (full 0):
 garbage-first heap   total 78848K, used 67544K [0x00000000c0000000, 0x0000000100000000)
  region size 1024K, 38 young (38912K), 1 survivors (1024K)
 Metaspace       used 30255K, committed 30720K, reserved 1114112K
  class space    used 3732K, committed 3904K, reserved 1048576K
}
Event: 14.483 GC heap after
{Heap after GC invocations=8 (full 0):
 garbage-first heap   total 78848K, used 30850K [0x00000000c0000000, 0x0000000100000000)
  region size 1024K, 5 young (5120K), 5 survivors (5120K)
 Metaspace       used 30255K, committed 30720K, reserved 1114112K
  class space    used 3732K, committed 3904K, reserved 1048576K
}
Event: 19.093 GC heap before
{Heap before GC invocations=8 (full 0):
 garbage-first heap   total 78848K, used 65666K [0x00000000c0000000, 0x0000000100000000)
  region size 1024K, 40 young (40960K), 5 survivors (5120K)
 Metaspace       used 36152K, committed 36736K, reserved 1114112K
  class space    used 4674K, committed 4928K, reserved 1048576K
}

