# JRE version: OpenJDK Runtime Environment Temurin-21.0.5+11 (21.0.5+11) (build 21.0.5+11-LTS)
# Java VM: OpenJDK 64-Bit Server VM Temurin-21.0.5+11 (21.0.5+11-LTS, mixed mode, emulated-client, sharing, tiered, compressed oops, compressed class ptrs, g1 gc, windows-amd64)
GC Precious Log:
 CardTable entry size: 512
 Card Set container configuration: InlinePtr #cards 5 size 8 Array Of Cards #cards 12 size 40 Howl #buckets 4 coarsen threshold 1843 Howl Bitmap #cards 512 size 80 coarsen threshold 460 Card regions per heap region 1 cards per card region 2048
 CPUs: 16 total, 16 available
 Memory: 81875M
 Large Page Support: Disabled
 NUMA Support: Disabled
 Compressed Oops: Enabled (32-bit)
 Heap Region Size: 1M
 Heap Min Capacity: 8M
 Heap Initial Capacity: 1G
 Heap Max Capacity: 1G
 Pre-touch: Disabled
 Parallel Workers: 13
 Concurrent Workers: 3
 Concurrent Refinement Workers: 13
 Periodic GC: Disabled
Heap:
 garbage-first heap   total 112640K, used 33641K [0x00000000c0000000, 0x0000000100000000)
  region size 1024K, 1 young (1024K), 0 survivors (0K)
 Metaspace       used 47470K, committed 48320K, reserved 1114112K
  class space    used 5823K, committed 6208K, reserved 1048576K
GC Heap History (20 events):
Event: 21758.028 GC heap after
{Heap after GC invocations=1721 (full 1653):
 garbage-first heap   total 112640K, used 33641K [0x00000000c0000000, 0x0000000100000000)
  region size 1024K, 0 young (0K), 0 survivors (0K)
 Metaspace       used 47470K, committed 48320K, reserved 1114112K
  class space    used 5823K, committed 6208K, reserved 1048576K
}
Event: 21768.152 GC heap before
{Heap before GC invocations=1721 (full 1653):
 garbage-first heap   total 112640K, used 33641K [0x00000000c0000000, 0x0000000100000000)
  region size 1024K, 1 young (1024K), 0 survivors (0K)
 Metaspace       used 47470K, committed 48320K, reserved 1114112K
  class space    used 5823K, committed 6208K, reserved 1048576K
}
Event: 21768.228 GC heap after
{Heap after GC invocations=1722 (full 1654):
 garbage-first heap   total 112640K, used 33641K [0x00000000c0000000, 0x0000000100000000)
  region size 1024K, 0 young (0K), 0 survivors (0K)
 Metaspace       used 47470K, committed 48320K, reserved 1114112K
  class space    used 5823K, committed 6208K, reserved 1048576K
}
Event: 21778.364 GC heap before
{Heap before GC invocations=1722 (full 1654):
 garbage-first heap   total 112640K, used 33641K [0x00000000c0000000, 0x0000000100000000)
  region size 1024K, 1 young (1024K), 0 survivors (0K)
 Metaspace       used 47470K, committed 48320K, reserved 1114112K
  class space    used 5823K, committed 6208K, reserved 1048576K
}
Event: 21778.433 GC heap after
{Heap after GC invocations=1723 (full 1655):
 garbage-first heap   total 112640K, used 33641K [0x00000000c0000000, 0x0000000100000000)
  region size 1024K, 0 young (0K), 0 survivors (0K)
 Metaspace       used 47470K, committed 48320K, reserved 1114112K
  class space    used 5823K, committed 6208K, reserved 1048576K
}
Event: 21788.609 GC heap before
{Heap before GC invocations=1723 (full 1655):
 garbage-first heap   total 112640K, used 33641K [0x00000000c0000000, 0x0000000100000000)
  region size 1024K, 1 young (1024K), 0 survivors (0K)
 Metaspace       used 47470K, committed 48320K, reserved 1114112K
  class space    used 5823K, committed 6208K, reserved 1048576K
}
Event: 21788.690 GC heap after
{Heap after GC invocations=1724 (full 1656):
 garbage-first heap   total 112640K, used 33641K [0x00000000c0000000, 0x0000000100000000)
  region size 1024K, 0 young (0K), 0 survivors (0K)
 Metaspace       used 47470K, committed 48320K, reserved 1114112K
  class space    used 5823K, committed 6208K, reserved 1048576K
}
Event: 21798.827 GC heap before
{Heap before GC invocations=1724 (full 1656):
 garbage-first heap   total 112640K, used 33641K [0x00000000c0000000, 0x0000000100000000)
  region size 1024K, 1 young (1024K), 0 survivors (0K)
 Metaspace       used 47470K, committed 48320K, reserved 1114112K
  class space    used 5823K, committed 6208K, reserved 1048576K
}
Event: 21798.896 GC heap after
{Heap after GC invocations=1725 (full 1657):
 garbage-first heap   total 112640K, used 33641K [0x00000000c0000000, 0x0000000100000000)
  region size 1024K, 0 young (0K), 0 survivors (0K)
 Metaspace       used 47470K, committed 48320K, reserved 1114112K
  class space    used 5823K, committed 6208K, reserved 1048576K
}
Event: 21809.030 GC heap before
{Heap before GC invocations=1725 (full 1657):
 garbage-first heap   total 112640K, used 33641K [0x00000000c0000000, 0x0000000100000000)
  region size 1024K, 1 young (1024K), 0 survivors (0K)
 Metaspace       used 47470K, committed 48320K, reserved 1114112K
  class space    used 5823K, committed 6208K, reserved 1048576K
}
Event: 21809.095 GC heap after
{Heap after GC invocations=1726 (full 1658):
 garbage-first heap   total 112640K, used 33641K [0x00000000c0000000, 0x0000000100000000)
  region size 1024K, 0 young (0K), 0 survivors (0K)
 Metaspace       used 47470K, committed 48320K, reserved 1114112K
  class space    used 5823K, committed 6208K, reserved 1048576K
}
Event: 21819.341 GC heap before
{Heap before GC invocations=1726 (full 1658):
 garbage-first heap   total 112640K, used 33641K [0x00000000c0000000, 0x0000000100000000)
  region size 1024K, 1 young (1024K), 0 survivors (0K)
 Metaspace       used 47470K, committed 48320K, reserved 1114112K
  class space    used 5823K, committed 6208K, reserved 1048576K
}
Event: 21819.428 GC heap after
{Heap after GC invocations=1727 (full 1659):
 garbage-first heap   total 112640K, used 33641K [0x00000000c0000000, 0x0000000100000000)
  region size 1024K, 0 young (0K), 0 survivors (0K)
 Metaspace       used 47470K, committed 48320K, reserved 1114112K
  class space    used 5823K, committed 6208K, reserved 1048576K
}
Event: 21829.592 GC heap before
{Heap before GC invocations=1727 (full 1659):
 garbage-first heap   total 112640K, used 33641K [0x00000000c0000000, 0x0000000100000000)
  region size 1024K, 1 young (1024K), 0 survivors (0K)
 Metaspace       used 47470K, committed 48320K, reserved 1114112K
  class space    used 5823K, committed 6208K, reserved 1048576K
}
Event: 21829.657 GC heap after
{Heap after GC invocations=1728 (full 1660):
 garbage-first heap   total 112640K, used 33641K [0x00000000c0000000, 0x0000000100000000)
  region size 1024K, 0 young (0K), 0 survivors (0K)
 Metaspace       used 47470K, committed 48320K, reserved 1114112K
  class space    used 5823K, committed 6208K, reserved 1048576K
}
Event: 21839.792 GC heap before
{Heap before GC invocations=1728 (full 1660):
 garbage-first heap   total 112640K, used 33641K [0x00000000c0000000, 0x0000000100000000)
  region size 1024K, 1 young (1024K), 0 survivors (0K)
 Metaspace       used 47470K, committed 48320K, reserved 1114112K
  class space    used 5823K, committed 6208K, reserved 1048576K
}
Event: 21839.848 GC heap after
{Heap after GC invocations=1729 (full 1661):
 garbage-first heap   total 112640K, used 33641K [0x00000000c0000000, 0x0000000100000000)
  region size 1024K, 0 young (0K), 0 survivors (0K)
 Metaspace       used 47470K, committed 48320K, reserved 1114112K
  class space    used 5823K, committed 6208K, reserved 1048576K
}
Event: 21850.132 GC heap before
{Heap before GC invocations=1729 (full 1661):
 garbage-first heap   total 112640K, used 33641K [0x00000000c0000000, 0x0000000100000000)
  region size 1024K, 1 young (1024K), 0 survivors (0K)
 Metaspace       used 47470K, committed 48320K, reserved 1114112K
  class space    used 5823K, committed 6208K, reserved 1048576K
}
Event: 21850.213 GC heap after
{Heap after GC invocations=1730 (full 1662):
 garbage-first heap   total 112640K, used 33641K [0x00000000c0000000, 0x0000000100000000)
  region size 1024K, 0 young (0K), 0 survivors (0K)
 Metaspace       used 47470K, committed 48320K, reserved 1114112K
  class space    used 5823K, committed 6208K, reserved 1048576K
}
Event: 21860.468 GC heap before
{Heap before GC invocations=1730 (full 1662):
 garbage-first heap   total 112640K, used 33641K [0x00000000c0000000, 0x0000000100000000)
  region size 1024K, 1 young (1024K), 0 survivors (0K)
 Metaspace       used 47470K, committed 48320K, reserved 1114112K
  class space    used 5823K, committed 6208K, reserved 1048576K
}

