# JRE version: OpenJDK Runtime Environment Temurin-21.0.5+11 (21.0.5+11) (build 21.0.5+11-LTS)
# Java VM: OpenJDK 64-Bit Server VM Temurin-21.0.5+11 (21.0.5+11-LTS, mixed mode, emulated-client, sharing, tiered, compressed oops, compressed class ptrs, g1 gc, windows-amd64)
GC Precious Log:
 CardTable entry size: 512
 Card Set container configuration: InlinePtr #cards 5 size 8 Array Of Cards #cards 12 size 40 Howl #buckets 4 coarsen threshold 1843 Howl Bitmap #cards 512 size 80 coarsen threshold 460 Card regions per heap region 1 cards per card region 2048
 CPUs: 16 total, 16 available
 Memory: 81875M
 Large Page Support: Disabled
 NUMA Support: Disabled
 Compressed Oops: Enabled (32-bit)
 Heap Region Size: 1M
 Heap Min Capacity: 8M
 Heap Initial Capacity: 1G
 Heap Max Capacity: 1G
 Pre-touch: Disabled
 Parallel Workers: 13
 Concurrent Workers: 3
 Concurrent Refinement Workers: 13
 Periodic GC: Disabled
Heap:
 garbage-first heap   total 109568K, used 32304K [0x00000000c0000000, 0x0000000100000000)
  region size 1024K, 1 young (1024K), 0 survivors (0K)
 Metaspace       used 46837K, committed 47488K, reserved 1114112K
  class space    used 5693K, committed 5952K, reserved 1048576K
GC Heap History (20 events):
Event: 87382.645 GC heap after
{Heap after GC invocations=6560 (full 6427):
 garbage-first heap   total 109568K, used 32304K [0x00000000c0000000, 0x0000000100000000)
  region size 1024K, 0 young (0K), 0 survivors (0K)
 Metaspace       used 46837K, committed 47488K, reserved 1114112K
  class space    used 5693K, committed 5952K, reserved 1048576K
}
Event: 87393.949 GC heap before
{Heap before GC invocations=6560 (full 6427):
 garbage-first heap   total 109568K, used 32304K [0x00000000c0000000, 0x0000000100000000)
  region size 1024K, 1 young (1024K), 0 survivors (0K)
 Metaspace       used 46837K, committed 47488K, reserved 1114112K
  class space    used 5693K, committed 5952K, reserved 1048576K
}
Event: 87394.005 GC heap after
{Heap after GC invocations=6561 (full 6428):
 garbage-first heap   total 109568K, used 32304K [0x00000000c0000000, 0x0000000100000000)
  region size 1024K, 0 young (0K), 0 survivors (0K)
 Metaspace       used 46837K, committed 47488K, reserved 1114112K
  class space    used 5693K, committed 5952K, reserved 1048576K
}
Event: 87405.350 GC heap before
{Heap before GC invocations=6561 (full 6428):
 garbage-first heap   total 109568K, used 32304K [0x00000000c0000000, 0x0000000100000000)
  region size 1024K, 1 young (1024K), 0 survivors (0K)
 Metaspace       used 46837K, committed 47488K, reserved 1114112K
  class space    used 5693K, committed 5952K, reserved 1048576K
}
Event: 87405.408 GC heap after
{Heap after GC invocations=6562 (full 6429):
 garbage-first heap   total 109568K, used 32304K [0x00000000c0000000, 0x0000000100000000)
  region size 1024K, 0 young (0K), 0 survivors (0K)
 Metaspace       used 46837K, committed 47488K, reserved 1114112K
  class space    used 5693K, committed 5952K, reserved 1048576K
}
Event: 87416.801 GC heap before
{Heap before GC invocations=6562 (full 6429):
 garbage-first heap   total 109568K, used 32304K [0x00000000c0000000, 0x0000000100000000)
  region size 1024K, 1 young (1024K), 0 survivors (0K)
 Metaspace       used 46837K, committed 47488K, reserved 1114112K
  class space    used 5693K, committed 5952K, reserved 1048576K
}
Event: 87416.862 GC heap after
{Heap after GC invocations=6563 (full 6430):
 garbage-first heap   total 109568K, used 32304K [0x00000000c0000000, 0x0000000100000000)
  region size 1024K, 0 young (0K), 0 survivors (0K)
 Metaspace       used 46837K, committed 47488K, reserved 1114112K
  class space    used 5693K, committed 5952K, reserved 1048576K
}
Event: 87428.260 GC heap before
{Heap before GC invocations=6563 (full 6430):
 garbage-first heap   total 109568K, used 32304K [0x00000000c0000000, 0x0000000100000000)
  region size 1024K, 1 young (1024K), 0 survivors (0K)
 Metaspace       used 46837K, committed 47488K, reserved 1114112K
  class space    used 5693K, committed 5952K, reserved 1048576K
}
Event: 87428.317 GC heap after
{Heap after GC invocations=6564 (full 6431):
 garbage-first heap   total 109568K, used 32304K [0x00000000c0000000, 0x0000000100000000)
  region size 1024K, 0 young (0K), 0 survivors (0K)
 Metaspace       used 46837K, committed 47488K, reserved 1114112K
  class space    used 5693K, committed 5952K, reserved 1048576K
}
Event: 87439.718 GC heap before
{Heap before GC invocations=6564 (full 6431):
 garbage-first heap   total 109568K, used 32304K [0x00000000c0000000, 0x0000000100000000)
  region size 1024K, 1 young (1024K), 0 survivors (0K)
 Metaspace       used 46837K, committed 47488K, reserved 1114112K
  class space    used 5693K, committed 5952K, reserved 1048576K
}
Event: 87439.790 GC heap after
{Heap after GC invocations=6565 (full 6432):
 garbage-first heap   total 109568K, used 32304K [0x00000000c0000000, 0x0000000100000000)
  region size 1024K, 0 young (0K), 0 survivors (0K)
 Metaspace       used 46837K, committed 47488K, reserved 1114112K
  class space    used 5693K, committed 5952K, reserved 1048576K
}
Event: 87451.165 GC heap before
{Heap before GC invocations=6565 (full 6432):
 garbage-first heap   total 109568K, used 32304K [0x00000000c0000000, 0x0000000100000000)
  region size 1024K, 1 young (1024K), 0 survivors (0K)
 Metaspace       used 46837K, committed 47488K, reserved 1114112K
  class space    used 5693K, committed 5952K, reserved 1048576K
}
Event: 87451.223 GC heap after
{Heap after GC invocations=6566 (full 6433):
 garbage-first heap   total 109568K, used 32304K [0x00000000c0000000, 0x0000000100000000)
  region size 1024K, 0 young (0K), 0 survivors (0K)
 Metaspace       used 46837K, committed 47488K, reserved 1114112K
  class space    used 5693K, committed 5952K, reserved 1048576K
}
Event: 87462.522 GC heap before
{Heap before GC invocations=6566 (full 6433):
 garbage-first heap   total 109568K, used 32304K [0x00000000c0000000, 0x0000000100000000)
  region size 1024K, 1 young (1024K), 0 survivors (0K)
 Metaspace       used 46837K, committed 47488K, reserved 1114112K
  class space    used 5693K, committed 5952K, reserved 1048576K
}
Event: 87462.594 GC heap after
{Heap after GC invocations=6567 (full 6434):
 garbage-first heap   total 109568K, used 32304K [0x00000000c0000000, 0x0000000100000000)
  region size 1024K, 0 young (0K), 0 survivors (0K)
 Metaspace       used 46837K, committed 47488K, reserved 1114112K
  class space    used 5693K, committed 5952K, reserved 1048576K
}
Event: 87473.794 GC heap before
{Heap before GC invocations=6567 (full 6434):
 garbage-first heap   total 109568K, used 32304K [0x00000000c0000000, 0x0000000100000000)
  region size 1024K, 1 young (1024K), 0 survivors (0K)
 Metaspace       used 46837K, committed 47488K, reserved 1114112K
  class space    used 5693K, committed 5952K, reserved 1048576K
}
Event: 87473.856 GC heap after
{Heap after GC invocations=6568 (full 6435):
 garbage-first heap   total 109568K, used 32304K [0x00000000c0000000, 0x0000000100000000)
  region size 1024K, 0 young (0K), 0 survivors (0K)
 Metaspace       used 46837K, committed 47488K, reserved 1114112K
  class space    used 5693K, committed 5952K, reserved 1048576K
}
Event: 87485.133 GC heap before
{Heap before GC invocations=6568 (full 6435):
 garbage-first heap   total 109568K, used 32304K [0x00000000c0000000, 0x0000000100000000)
  region size 1024K, 1 young (1024K), 0 survivors (0K)
 Metaspace       used 46837K, committed 47488K, reserved 1114112K
  class space    used 5693K, committed 5952K, reserved 1048576K
}
Event: 87485.190 GC heap after
{Heap after GC invocations=6569 (full 6436):
 garbage-first heap   total 109568K, used 32304K [0x00000000c0000000, 0x0000000100000000)
  region size 1024K, 0 young (0K), 0 survivors (0K)
 Metaspace       used 46837K, committed 47488K, reserved 1114112K
  class space    used 5693K, committed 5952K, reserved 1048576K
}
Event: 87496.381 GC heap before
{Heap before GC invocations=6569 (full 6436):
 garbage-first heap   total 109568K, used 32304K [0x00000000c0000000, 0x0000000100000000)
  region size 1024K, 1 young (1024K), 0 survivors (0K)
 Metaspace       used 46837K, committed 47488K, reserved 1114112K
  class space    used 5693K, committed 5952K, reserved 1048576K
}

